<?xml version="1.0" encoding="UTF-8"?>
<testng-results skipped="0" failed="0" total="1" passed="1">
  <reporter-output>
  </reporter-output>
  <suite name="AntJenkinsTestSuite" duration-ms="54971" started-at="2015-09-19T16:41:51Z" finished-at="2015-09-19T16:42:46Z">
    <groups>
    </groups>
    <test name="MyTests" duration-ms="54971" started-at="2015-09-19T16:41:51Z" finished-at="2015-09-19T16:42:46Z">
      <class name="myPackage.SmokeTest">
        <test-method status="PASS" signature="loginTest()[pri:0, instance:myPackage.SmokeTest@6e3c1e69]" name="loginTest" duration-ms="54948" started-at="2015-09-19T22:11:51Z" finished-at="2015-09-19T22:12:46Z">
          <reporter-output>
          </reporter-output>
        </test-method> <!-- loginTest -->
      </class> <!-- myPackage.SmokeTest -->
    </test> <!-- MyTests -->
  </suite> <!-- AntJenkinsTestSuite -->
</testng-results>
